Arguments: 
  /Users/galacalero/.nvm/versions/node/v16.19.0/bin/node /Users/galacalero/.yarn/bin/yarn.js install

PATH: 
  /Users/galacalero/.rvm/gems/ruby-2.7.5/bin:/Users/galacalero/.rvm/gems/ruby-2.7.5@global/bin:/Users/galacalero/.rvm/rubies/ruby-2.7.5/bin:/Users/galacalero/.rvm/bin:/Users/galacalero/.pyenv/shims:/Users/galacalero/.nvm/versions/node/v16.19.0/bin:/Users/galacalero/.yarn/bin:/Users/galacalero/.config/yarn/global/node_modules/.bin:/opt/homebrew/bin:/opt/homebrew/sbin:/usr/local/bin:/usr/bin:/bin:/usr/sbin:/sbin:/usr/local/go/bin:/Applications/Keybase.app/Contents/SharedSupport/bin:/Library/Apple/usr/bin:/Applications/Postgres.app/Contents/Versions/latest/bin:/Users/galacalero/.cargo/bin

Yarn version: 
  1.22.18

Node version: 
  16.19.0

Platform: 
  darwin arm64

Trace: 
  Error: https://registry.yarnpkg.com/@nymproject%2feslint-config-react-typescript: Not found
      at Request.params.callback [as _callback] (/Users/galacalero/.yarn/lib/cli.js:66138:18)
      at Request.self.callback (/Users/galacalero/.yarn/lib/cli.js:140883:22)
      at Request.emit (node:events:513:28)
      at Request.<anonymous> (/Users/galacalero/.yarn/lib/cli.js:141855:10)
      at Request.emit (node:events:513:28)
      at IncomingMessage.<anonymous> (/Users/galacalero/.yarn/lib/cli.js:141777:12)
      at Object.onceWrapper (node:events:627:28)
      at IncomingMessage.emit (node:events:525:35)
      at endReadableNT (node:internal/streams/readable:1358:12)
      at processTicksAndRejections (node:internal/process/task_queues:83:21)

npm manifest: 
  {
    "name": "@nymproject/sdk",
    "version": "1.2.4-rc.2",
    "license": "Apache-2.0",
    "author": "Nym Technologies SA",
    "files": [
      "dist/esm/worker.js",
      "dist/cjs/worker.js",
      "dist/**/*"
    ],
    "main": "dist/cjs/index.js",
    "browser": "dist/esm/index.js",
    "scripts": {
      "build": "scripts/build-prod.sh",
      "build:dev": "scripts/build.sh",
      "build:dev:esm": "scripts/build-dev-esm.sh",
      "build:worker": "rollup -c rollup-worker.config.mjs",
      "clean": "rimraf dist",
      "docs:dev": "run-p docs:watch docs:serve ",
      "docs:generate": "typedoc",
      "docs:generate:prod": "typedoc --basePath ./docs/tsdoc/nymproject/sdk/",
      "docs:prod:build": "scripts/build-prod-docs-collect.sh",
      "docs:serve": "reload -b -d ./docs -p 3000",
      "docs:watch": "nodemon --ext ts --watch './src/**/*' --watch './typedoc.json' --exec \"yarn docs:generate\"",
      "lint": "eslint src",
      "lint:fix": "eslint src --fix",
      "prebuild": "node scripts/showDependencyLocation.cjs",
      "start": "tsc -w",
      "start:dev": "nodemon --watch src -e ts,json --exec 'yarn build:dev:esm'",
      "test": "node --experimental-vm-modules --no-warnings node_modules/jest/bin/jest.js -c=jest.config.mjs --no-cache",
      "tsc": "tsc --noEmit true"
    },
    "dependencies": {
      "@nymproject/nym-client-wasm": ">=1.2.4-rc.2 || ^1",
      "comlink": "^4.3.1"
    },
    "devDependencies": {
      "@babel/core": "^7.15.0",
      "@babel/plugin-transform-async-to-generator": "^7.14.5",
      "@babel/preset-env": "^7.15.0",
      "@babel/preset-react": "^7.14.5",
      "@babel/preset-typescript": "^7.15.0",
      "@nymproject/eslint-config-react-typescript": "^1.0.0",
      "@rollup/plugin-commonjs": "^24.0.1",
      "@rollup/plugin-inject": "^5.0.3",
      "@rollup/plugin-json": "^6.0.0",
      "@rollup/plugin-node-resolve": "^15.0.1",
      "@rollup/plugin-replace": "^5.0.2",
      "@rollup/plugin-terser": "^0.2.1",
      "@rollup/plugin-typescript": "^10.0.1",
      "@rollup/plugin-url": "^8.0.1",
      "@rollup/plugin-wasm": "^6.1.1",
      "@types/jest": "^27.0.1",
      "@types/node": "^16.7.13",
      "@typescript-eslint/eslint-plugin": "^5.13.0",
      "@typescript-eslint/parser": "^5.13.0",
      "eslint": "^8.10.0",
      "eslint-config-airbnb": "^19.0.4",
      "eslint-config-airbnb-typescript": "^16.1.0",
      "eslint-config-prettier": "^8.5.0",
      "eslint-import-resolver-root-import": "^1.0.4",
      "eslint-plugin-import": "^2.25.4",
      "eslint-plugin-jest": "^26.1.1",
      "eslint-plugin-jsx-a11y": "^6.5.1",
      "eslint-plugin-prettier": "^4.0.0",
      "eslint-plugin-react": "^7.29.2",
      "eslint-plugin-react-hooks": "^4.3.0",
      "handlebars": "^4.7.8",
      "jest": "^29.5.0",
      "nodemon": "3.0.1",
      "reload": "^3.2.1",
      "rimraf": "^3.0.2",
      "rollup": "^3.9.1",
      "rollup-plugin-base64": "^1.0.1",
      "rollup-plugin-web-worker-loader": "^1.6.1",
      "ts-jest": "^29.1.0",
      "ts-loader": "^9.4.2",
      "typedoc": "^0.24.8",
      "typescript": "^4.8.4"
    },
    "private": false,
    "type": "module",
    "types": "./dist/esm/index.d.ts"
  }

yarn manifest: 
  No manifest

Lockfile: 
  No lockfile
